<?xml version="1.0" encoding="UTF-8" ?>
<testsuite tests="1" failures="0" name="es.bit.persistence.TareasManagerTest" time="0.46" errors="0" skipped="0">
  <properties>
    <property name="java.runtime.name" value="Java(TM) SE Runtime Environment"/>
    <property name="sun.boot.library.path" value="D:\Program Files\Java\jdk1.8.0_161\jre\bin"/>
    <property name="java.vm.version" value="25.161-b12"/>
    <property name="java.vm.vendor" value="Oracle Corporation"/>
    <property name="maven.multiModuleProjectDirectory" value="D:\Shared\MyFiles\BIT\API_REST_JAVA\TareasProyectosJersey"/>
    <property name="java.vendor.url" value="http://java.oracle.com/"/>
    <property name="path.separator" value=";"/>
    <property name="guice.disable.misplaced.annotation.check" value="true"/>
    <property name="java.vm.name" value="Java HotSpot(TM) 64-Bit Server VM"/>
    <property name="file.encoding.pkg" value="sun.io"/>
    <property name="user.script" value=""/>
    <property name="user.country" value="ES"/>
    <property name="sun.java.launcher" value="SUN_STANDARD"/>
    <property name="sun.os.patch.level" value=""/>
    <property name="java.vm.specification.name" value="Java Virtual Machine Specification"/>
    <property name="user.dir" value="D:\Shared\MyFiles\BIT\API_REST_JAVA\TareasProyectosJersey"/>
    <property name="java.runtime.version" value="1.8.0_161-b12"/>
    <property name="java.awt.graphicsenv" value="sun.awt.Win32GraphicsEnvironment"/>
    <property name="java.endorsed.dirs" value="D:\Program Files\Java\jdk1.8.0_161\jre\lib\endorsed"/>
    <property name="os.arch" value="amd64"/>
    <property name="java.io.tmpdir" value="C:\Users\ricardo\AppData\Local\Temp\"/>
    <property name="line.separator" value="
"/>
    <property name="java.vm.specification.vendor" value="Oracle Corporation"/>
    <property name="user.variant" value=""/>
    <property name="os.name" value="Windows 10"/>
    <property name="classworlds.conf" value="D:\Shared\MyFiles\BIT\API_REST_JAVA\.metadata\.plugins\org.eclipse.m2e.launching\launches\m2conf5081104510249270550.tmp"/>
    <property name="sun.jnu.encoding" value="Cp1252"/>
    <property name="java.library.path" value="D:\Program Files\Java\jdk1.8.0_161\bin;C:\WINDOWS\Sun\Java\bin;C:\WINDOWS\system32;C:\WINDOWS;D:/Program Files/Java/jdk1.8.0_161/jre8/bin/server;D:/Program Files/Java/jdk1.8.0_161/jre8/bin;D:/Program Files/Java/jdk1.8.0_161/jre8/lib/amd64;C:\ProgramData\Oracle\Java\javapath;C:\WINDOWS\system32;C:\WINDOWS;C:\WINDOWS\System32\Wbem;C:\WINDOWS\System32\WindowsPowerShell\v1.0\;C:\Users\ricardo\AppData\Roaming\nvm;C:\Program Files\nodejs;C:\Program Files\Git\cmd;C:\Program Files\SlikSvn\bin;C:\ProgramData\chocolatey\bin;D:\Program Files\openshift-origin-client-tools-v3.7.2-282e43f-windows;C:\Program Files\PuTTY\;D:\Program Files\apache-maven-3.5.3\bin;D:\Shared\MyPrograms\Tail-4.2.12;C:\WINDOWS\System32\OpenSSH\;C:\Program Files (x86)\Yarn\bin\;C:\Program Files\Microsoft VS Code\bin;C:\Program Files (x86)\Graphviz2.38\bin;C:\Users\ricardo\AppData\Local\Microsoft\WindowsApps;C:\Users\ricardo\AppData\Roaming\npm;C:\Users\ricardo\AppData\Local\GitHubDesktop\bin;C:\Program Files\Heroku\bin;C:\Users\ricardo\AppData\Local\Microsoft\WindowsApps;C:\Users\ricardo\AppData\Local\Programs\Python\Python36\;C:\Users\ricardo\AppData\Local\Programs\Python\Python36\Scripts;C:\Users\ricard;C:\Users\ricardo\AppData\Local\Yarn\bin;D:\Program Files\spring-2.1.1.RELEASE\;D:\Program Files\terraform;C:\Program Files\R\R-3.5.2\bin;C:\Users\ricardo\AppData\Local\Microsoft\WindowsApps;C:\Program Files\Microsoft VS Code\bin;C:\Users\ricardo\AppData\Roaming\npm;C:\Users\ricardo\AppData\Roaming\nvm;C:\Program Files\nodejs;C:\Users\ricardo\AppData\Local\GitHubDesktop\bin;C:\Program Files\Heroku\bin;C:\Users\ricardo\AppData\Local\Microsoft\WindowsApps;C:\Users\ricardo\AppData\Local\Programs\Python\Python36\;C:\Users\ricardo\AppData\Local\Programs\Python\Python36\Scripts;C:\Users\ricardo\AppData\Local\Yarn\bin;D:\Program Files\spring-2.1.1.RELEASE\bin;D:\Shared\MyApps\android-sdk\platform-tools;D:\Shared\MyApps\android-sdk\platform-tools;D:\Program Files\Docker Toolbox;D:\Shared\MyApps\kubernetes;;D:\Shared\MyApps\eclipse;;."/>
    <property name="java.specification.name" value="Java Platform API Specification"/>
    <property name="java.class.version" value="52.0"/>
    <property name="sun.management.compiler" value="HotSpot 64-Bit Tiered Compilers"/>
    <property name="os.version" value="10.0"/>
    <property name="user.home" value="C:\Users\ricardo"/>
    <property name="user.timezone" value="Europe/Paris"/>
    <property name="java.awt.printerjob" value="sun.awt.windows.WPrinterJob"/>
    <property name="java.specification.version" value="1.8"/>
    <property name="file.encoding" value="Cp1252"/>
    <property name="user.name" value="ricardo"/>
    <property name="java.class.path" value="/D:/Shared/MyApps/eclipse/plugins/org.eclipse.m2e.maven.runtime_1.8.0.20170516-2042/jars/plexus-classworlds-2.5.2.jar"/>
    <property name="java.vm.specification.version" value="1.8"/>
    <property name="sun.arch.data.model" value="64"/>
    <property name="java.home" value="D:\Program Files\Java\jdk1.8.0_161\jre"/>
    <property name="sun.java.command" value="org.codehaus.plexus.classworlds.launcher.Launcher -B install"/>
    <property name="java.specification.vendor" value="Oracle Corporation"/>
    <property name="user.language" value="es"/>
    <property name="awt.toolkit" value="sun.awt.windows.WToolkit"/>
    <property name="java.vm.info" value="mixed mode"/>
    <property name="java.version" value="1.8.0_161"/>
    <property name="java.ext.dirs" value="D:\Program Files\Java\jdk1.8.0_161\jre\lib\ext;C:\WINDOWS\Sun\Java\lib\ext"/>
    <property name="sun.boot.class.path" value="D:\Program Files\Java\jdk1.8.0_161\jre\lib\resources.jar;D:\Program Files\Java\jdk1.8.0_161\jre\lib\rt.jar;D:\Program Files\Java\jdk1.8.0_161\jre\lib\sunrsasign.jar;D:\Program Files\Java\jdk1.8.0_161\jre\lib\jsse.jar;D:\Program Files\Java\jdk1.8.0_161\jre\lib\jce.jar;D:\Program Files\Java\jdk1.8.0_161\jre\lib\charsets.jar;D:\Program Files\Java\jdk1.8.0_161\jre\lib\jfr.jar;D:\Program Files\Java\jdk1.8.0_161\jre\classes"/>
    <property name="java.vendor" value="Oracle Corporation"/>
    <property name="maven.home" value="D:\Shared\MyFiles\BIT\API_REST_JAVA\TareasProyectosJersey\EMBEDDED"/>
    <property name="file.separator" value="\"/>
    <property name="java.vendor.url.bug" value="http://bugreport.sun.com/bugreport/"/>
    <property name="sun.cpu.endian" value="little"/>
    <property name="sun.io.unicode.encoding" value="UnicodeLittle"/>
    <property name="sun.desktop" value="windows"/>
    <property name="sun.cpu.isalist" value="amd64"/>
  </properties>
  <testcase classname="es.bit.persistence.TareasManagerTest" name="testGetTareas" time="0.46"/>
</testsuite>